<?xml version="1.0" encoding="UTF-8"?>
<!-- Generated by org.testng.reporters.JUnitReportReporter -->
<testsuite hostname="Users-Air.attlocal.net" failures="0" tests="11" name="doc_repository_automation.Scvp_Test_Scenarios" time="55.874" errors="1" timestamp="2020-09-01T10:35:11 EDT" skipped="0">
  <testcase classname="doc_repository_automation.Scvp_Test_Scenarios" name="user_login_scenario" time="0.523"/>
  <system-out/>
  <testcase classname="doc_repository_automation.Scvp_Test_Scenarios" name="verify_Database" time="1.080"/>
  <system-out/>
  <testcase classname="doc_repository_automation.Scvp_Test_Scenarios" name="verify_ReceiverType" time="0.337"/>
  <system-out/>
  <testcase classname="doc_repository_automation.Scvp_Test_Scenarios" name="verify_Status" time="0.239"/>
  <system-out/>
  <testcase classname="doc_repository_automation.Scvp_Test_Scenarios" name="verify_Daterange" time="0.070"/>
  <system-out/>
  <testcase classname="doc_repository_automation.Scvp_Test_Scenarios" name="verify_SelectType" time="0.307"/>
  <system-out/>
  <testcase classname="doc_repository_automation.Scvp_Test_Scenarios" name="verify_SenderType" time="0.240"/>
  <system-out/>
  <testcase classname="doc_repository_automation.Scvp_Test_Scenarios" name="verify_Documenttype" time="0.245"/>
  <system-out/>
  <testcase classname="doc_repository_automation.Scvp_Test_Scenarios" name="verify_AckStatus" time="0.287"/>
  <system-out/>
  <testcase classname="doc_repository_automation.Scvp_Test_Scenarios" name="searchByDocumentType" time="50.105">
    <error message="no such element: Unable to locate element: {&quot;method&quot;:&quot;xpath&quot;,&quot;selector&quot;:&quot;//div/label[text()=&quot;Document Type&quot;]/following::label[text()=&quot;Select&quot;][1]&quot;}
  (Session info: chrome=85.0.4183.83)
For documentation on this error, please visit: https://www.seleniumhq.org/exceptions/no_such_element.html
Build info: version: &#039;3.141.59&#039;, revision: &#039;e82be7d358&#039;, time: &#039;2018-11-14T08:17:03&#039;
System info: host: &#039;Users-Air.attlocal.net&#039;, ip: &#039;2600:1702:900:3ce0:0:0:0:3c%en0&#039;, os.name: &#039;Mac OS X&#039;, os.arch: &#039;x86_64&#039;, os.version: &#039;10.15.1&#039;, java.version: &#039;14.0.1&#039;
Driver info: org.openqa.selenium.chrome.ChromeDriver
Capabilities {acceptInsecureCerts: false, browserName: chrome, browserVersion: 85.0.4183.83, chrome: {chromedriverVersion: 85.0.4183.83 (94abc2237ae0c..., userDataDir: /var/folders/9r/qz7d_gqd7wj...}, goog:chromeOptions: {debuggerAddress: localhost:60359}, javascriptEnabled: true, networkConnectionEnabled: false, pageLoadStrategy: normal, platform: MAC, platformName: MAC, proxy: Proxy(), setWindowRect: true, strictFileInteractability: false, timeouts: {implicit: 0, pageLoad: 300000, script: 30000}, unhandledPromptBehavior: dismiss and notify, webauthn:virtualAuthenticators: true}
Session ID: 39532e2ad2cfe33fe093abcb70e0d4da
*** Element info: {Using=xpath, value=//div/label[text()=&quot;Document Type&quot;]/following::label[text()=&quot;Select&quot;][1]}" type="org.openqa.selenium.NoSuchElementException">
      <![CDATA[org.openqa.selenium.NoSuchElementException: no such element: Unable to locate element: {"method":"xpath","selector":"//div/label[text()="Document Type"]/following::label[text()="Select"][1]"}
  (Session info: chrome=85.0.4183.83)
For documentation on this error, please visit: https://www.seleniumhq.org/exceptions/no_such_element.html
Build info: version: '3.141.59', revision: 'e82be7d358', time: '2018-11-14T08:17:03'
System info: host: 'Users-Air.attlocal.net', ip: '2600:1702:900:3ce0:0:0:0:3c%en0', os.name: 'Mac OS X', os.arch: 'x86_64', os.version: '10.15.1', java.version: '14.0.1'
Driver info: org.openqa.selenium.chrome.ChromeDriver
Capabilities {acceptInsecureCerts: false, browserName: chrome, browserVersion: 85.0.4183.83, chrome: {chromedriverVersion: 85.0.4183.83 (94abc2237ae0c..., userDataDir: /var/folders/9r/qz7d_gqd7wj...}, goog:chromeOptions: {debuggerAddress: localhost:60359}, javascriptEnabled: true, networkConnectionEnabled: false, pageLoadStrategy: normal, platform: MAC, platformName: MAC, proxy: Proxy(), setWindowRect: true, strictFileInteractability: false, timeouts: {implicit: 0, pageLoad: 300000, script: 30000}, unhandledPromptBehavior: dismiss and notify, webauthn:virtualAuthenticators: true}
Session ID: 39532e2ad2cfe33fe093abcb70e0d4da
*** Element info: {Using=xpath, value=//div/label[text()="Document Type"]/following::label[text()="Select"][1]}
at java.base/jdk.internal.reflect.NativeConstructorAccessorImpl.newInstance0(Native Method)
at java.base/jdk.internal.reflect.NativeConstructorAccessorImpl.newInstance(NativeConstructorAccessorImpl.java:62)
at java.base/jdk.internal.reflect.DelegatingConstructorAccessorImpl.newInstance(DelegatingConstructorAccessorImpl.java:45)
at java.base/java.lang.reflect.Constructor.newInstanceWithCaller(Constructor.java:500)
at java.base/java.lang.reflect.Constructor.newInstance(Constructor.java:481)
at org.openqa.selenium.remote.http.W3CHttpResponseCodec.createException(W3CHttpResponseCodec.java:187)
at org.openqa.selenium.remote.http.W3CHttpResponseCodec.decode(W3CHttpResponseCodec.java:122)
at org.openqa.selenium.remote.http.W3CHttpResponseCodec.decode(W3CHttpResponseCodec.java:49)
at org.openqa.selenium.remote.HttpCommandExecutor.execute(HttpCommandExecutor.java:158)
at org.openqa.selenium.remote.service.DriverCommandExecutor.execute(DriverCommandExecutor.java:83)
at org.openqa.selenium.remote.RemoteWebDriver.execute(RemoteWebDriver.java:552)
at org.openqa.selenium.remote.RemoteWebDriver.findElement(RemoteWebDriver.java:323)
at org.openqa.selenium.remote.RemoteWebDriver.findElementByXPath(RemoteWebDriver.java:428)
at org.openqa.selenium.By$ByXPath.findElement(By.java:353)
at org.openqa.selenium.remote.RemoteWebDriver.findElement(RemoteWebDriver.java:315)
at doc_repository_automation.Scvp_POM_Functions.click_button_by_xpath(Scvp_POM_Functions.java:70)
at doc_repository_automation.Scvp_Modular_Framework_Functions.verify_documentType(Scvp_Modular_Framework_Functions.java:75)
at doc_repository_automation.Scvp_Modular_Framework_Functions.searchBy_documentType(Scvp_Modular_Framework_Functions.java:81)
at doc_repository_automation.Scvp_Test_Scenarios.searchByDocumentType(Scvp_Test_Scenarios.java:66)
at java.base/jdk.internal.reflect.NativeMethodAccessorImpl.invoke0(Native Method)
at java.base/jdk.internal.reflect.NativeMethodAccessorImpl.invoke(NativeMethodAccessorImpl.java:62)
at java.base/jdk.internal.reflect.DelegatingMethodAccessorImpl.invoke(DelegatingMethodAccessorImpl.java:43)
at java.base/java.lang.reflect.Method.invoke(Method.java:564)
at org.testng.internal.MethodInvocationHelper.invokeMethod(MethodInvocationHelper.java:134)
at org.testng.internal.TestInvoker.invokeMethod(TestInvoker.java:597)
at org.testng.internal.TestInvoker.invokeTestMethod(TestInvoker.java:173)
at org.testng.internal.MethodRunner.runInSequence(MethodRunner.java:46)
at org.testng.internal.TestInvoker$MethodInvocationAgent.invoke(TestInvoker.java:816)
at org.testng.internal.TestInvoker.invokeTestMethods(TestInvoker.java:146)
at org.testng.internal.TestMethodWorker.invokeTestMethods(TestMethodWorker.java:146)
at org.testng.internal.TestMethodWorker.run(TestMethodWorker.java:128)
at java.base/java.util.ArrayList.forEach(ArrayList.java:1510)
at org.testng.TestRunner.privateRun(TestRunner.java:766)
at org.testng.TestRunner.run(TestRunner.java:587)
at org.testng.SuiteRunner.runTest(SuiteRunner.java:384)
at org.testng.SuiteRunner.runSequentially(SuiteRunner.java:378)
at org.testng.SuiteRunner.privateRun(SuiteRunner.java:337)
at org.testng.SuiteRunner.run(SuiteRunner.java:286)
at org.testng.SuiteRunnerWorker.runSuite(SuiteRunnerWorker.java:53)
at org.testng.SuiteRunnerWorker.run(SuiteRunnerWorker.java:96)
at org.testng.TestNG.runSuitesSequentially(TestNG.java:1187)
at org.testng.TestNG.runSuitesLocally(TestNG.java:1109)
at org.testng.TestNG.runSuites(TestNG.java:1039)
at org.testng.TestNG.run(TestNG.java:1007)
at org.testng.remote.AbstractRemoteTestNG.run(AbstractRemoteTestNG.java:115)
at org.testng.remote.RemoteTestNG.initAndRun(RemoteTestNG.java:251)
at org.testng.remote.RemoteTestNG.main(RemoteTestNG.java:77)
]]>
    </error>
  </testcase> <!-- searchByDocumentType -->
  <system-out/>
  <testcase classname="doc_repository_automation.Scvp_Test_Scenarios" name="user_sign_out" time="2.441"/>
  <system-out/>
</testsuite> <!-- doc_repository_automation.Scvp_Test_Scenarios -->
